2013-11-21 13:21:46,974 [Worker-2] INFO  o.e.m.c.i.l.LifecycleMappingFactory - Using org.eclipse.m2e.jdt.JarLifecycleMapping lifecycle mapping for MavenProject: edu.sjsu.cmpe:dropbox:0.0.1-SNAPSHOT @ C:\cmpe273-Dropbox-Igniters\dropbox\pom.xml.
2013-11-21 13:21:50,048 [Worker-2] WARN  o.e.m.c.i.embedder.EclipseLogger - The artifact org.apache.commons:commons-io:jar:1.3.2 has been relocated to commons-io:commons-io:jar:1.3.2
2013-11-21 13:21:57,192 [Worker-2] INFO  o.e.m.j.i.AbstractJavaProjectConfigurator - Adding source folder /dropbox/src/main/java
2013-11-21 13:21:57,192 [Worker-2] INFO  o.e.m.j.i.AbstractJavaProjectConfigurator - Adding resource folder /dropbox/src/main/resources
2013-11-21 13:21:57,193 [Worker-2] INFO  o.e.m.j.i.AbstractJavaProjectConfigurator - Adding source folder /dropbox/src/test/java
2013-11-21 13:21:57,396 [Worker-7] INFO  o.e.m.c.i.l.LifecycleMappingFactory - Using org.eclipse.m2e.jdt.JarLifecycleMapping lifecycle mapping for MavenProject: edu.sjsu.cmpe:dropbox:0.0.1-SNAPSHOT @ C:\cmpe273-Dropbox-Igniters\dropbox\pom.xml.
2013-11-21 13:21:58,402 [Worker-7] WARN  o.e.m.c.i.embedder.EclipseLogger - The artifact org.apache.commons:commons-io:jar:1.3.2 has been relocated to commons-io:commons-io:jar:1.3.2
2013-11-21 13:21:58,733 [Worker-2] INFO  o.e.m.c.i.p.ProjectConfigurationManager - Project import completed 12 sec
2013-11-21 13:21:59,545 [Worker-3] INFO  o.e.m.c.i.p.ProjectConfigurationManager - Update started
2013-11-21 13:21:59,546 [Worker-3] INFO  o.e.m.c.i.p.ProjectConfigurationManager - Update completed: 0 sec
2013-11-21 13:21:59,901 [Worker-1] INFO  o.e.m.c.i.embedder.EclipseLogger - Using 'UTF-8' encoding to copy filtered resources.
2013-11-21 13:21:59,907 [Worker-1] INFO  o.e.m.c.i.embedder.EclipseLogger - Copying 3 resources
2013-11-21 13:21:59,928 [Worker-1] INFO  o.e.m.c.i.embedder.EclipseLogger - Using 'UTF-8' encoding to copy filtered resources.
2013-11-21 13:21:59,928 [Worker-1] INFO  o.e.m.c.i.embedder.EclipseLogger - skip non existing resourceDirectory C:\cmpe273-Dropbox-Igniters\dropbox\src\test\resources
2013-11-21 13:24:51,983 [Worker-0] INFO  o.e.m.c.i.embedder.EclipseLogger - Using 'UTF-8' encoding to copy filtered resources.
2013-11-21 13:24:51,986 [Worker-0] INFO  o.e.m.c.i.embedder.EclipseLogger - Copying 0 resource
2013-11-21 13:24:51,987 [Worker-0] INFO  o.e.m.c.i.embedder.EclipseLogger - Using 'UTF-8' encoding to copy filtered resources.
2013-11-21 13:24:51,988 [Worker-0] INFO  o.e.m.c.i.embedder.EclipseLogger - skip non existing resourceDirectory C:\cmpe273-Dropbox-Igniters\dropbox\src\test\resources
2013-11-21 13:25:45,019 [Worker-5] INFO  o.e.m.c.i.embedder.EclipseLogger - Using 'UTF-8' encoding to copy filtered resources.
2013-11-21 13:25:45,019 [Worker-5] INFO  o.e.m.c.i.embedder.EclipseLogger - Copying 0 resource
2013-11-21 13:25:45,022 [Worker-5] INFO  o.e.m.c.i.embedder.EclipseLogger - Using 'UTF-8' encoding to copy filtered resources.
2013-11-21 13:25:45,022 [Worker-5] INFO  o.e.m.c.i.embedder.EclipseLogger - skip non existing resourceDirectory C:\cmpe273-Dropbox-Igniters\dropbox\src\test\resources
2013-11-21 13:26:04,060 [Worker-3] INFO  o.e.m.c.i.embedder.EclipseLogger - Using 'UTF-8' encoding to copy filtered resources.
2013-11-21 13:26:04,061 [Worker-3] INFO  o.e.m.c.i.embedder.EclipseLogger - Copying 0 resource
2013-11-21 13:26:04,064 [Worker-3] INFO  o.e.m.c.i.embedder.EclipseLogger - Using 'UTF-8' encoding to copy filtered resources.
2013-11-21 13:26:04,064 [Worker-3] INFO  o.e.m.c.i.embedder.EclipseLogger - skip non existing resourceDirectory C:\cmpe273-Dropbox-Igniters\dropbox\src\test\resources
2013-11-21 13:26:14,878 [Worker-1] INFO  o.e.m.c.i.embedder.EclipseLogger - Using 'UTF-8' encoding to copy filtered resources.
2013-11-21 13:26:14,878 [Worker-1] INFO  o.e.m.c.i.embedder.EclipseLogger - Copying 0 resource
2013-11-21 13:26:14,881 [Worker-1] INFO  o.e.m.c.i.embedder.EclipseLogger - Using 'UTF-8' encoding to copy filtered resources.
2013-11-21 13:26:14,881 [Worker-1] INFO  o.e.m.c.i.embedder.EclipseLogger - skip non existing resourceDirectory C:\cmpe273-Dropbox-Igniters\dropbox\src\test\resources
2013-11-21 13:26:26,572 [Worker-10] INFO  o.e.m.c.i.embedder.EclipseLogger - Using 'UTF-8' encoding to copy filtered resources.
2013-11-21 13:26:26,572 [Worker-10] INFO  o.e.m.c.i.embedder.EclipseLogger - Copying 0 resource
2013-11-21 13:26:26,574 [Worker-10] INFO  o.e.m.c.i.embedder.EclipseLogger - Using 'UTF-8' encoding to copy filtered resources.
2013-11-21 13:26:26,575 [Worker-10] INFO  o.e.m.c.i.embedder.EclipseLogger - skip non existing resourceDirectory C:\cmpe273-Dropbox-Igniters\dropbox\src\test\resources
2013-11-21 13:26:32,892 [Worker-9] INFO  o.e.m.c.i.embedder.EclipseLogger - Using 'UTF-8' encoding to copy filtered resources.
2013-11-21 13:26:32,893 [Worker-9] INFO  o.e.m.c.i.embedder.EclipseLogger - Copying 0 resource
2013-11-21 13:26:32,894 [Worker-9] INFO  o.e.m.c.i.embedder.EclipseLogger - Using 'UTF-8' encoding to copy filtered resources.
2013-11-21 13:26:32,895 [Worker-9] INFO  o.e.m.c.i.embedder.EclipseLogger - skip non existing resourceDirectory C:\cmpe273-Dropbox-Igniters\dropbox\src\test\resources
2013-11-21 13:27:31,251 [Worker-5] INFO  o.e.m.c.i.embedder.EclipseLogger - Using 'UTF-8' encoding to copy filtered resources.
2013-11-21 13:27:31,252 [Worker-5] INFO  o.e.m.c.i.embedder.EclipseLogger - Copying 0 resource
2013-11-21 13:27:31,255 [Worker-5] INFO  o.e.m.c.i.embedder.EclipseLogger - Using 'UTF-8' encoding to copy filtered resources.
2013-11-21 13:27:31,255 [Worker-5] INFO  o.e.m.c.i.embedder.EclipseLogger - skip non existing resourceDirectory C:\cmpe273-Dropbox-Igniters\dropbox\src\test\resources
2013-11-21 13:27:53,262 [Worker-0] INFO  o.e.m.c.i.embedder.EclipseLogger - Using 'UTF-8' encoding to copy filtered resources.
2013-11-21 13:27:53,263 [Worker-0] INFO  o.e.m.c.i.embedder.EclipseLogger - Copying 0 resource
2013-11-21 13:27:53,265 [Worker-0] INFO  o.e.m.c.i.embedder.EclipseLogger - Using 'UTF-8' encoding to copy filtered resources.
2013-11-21 13:27:53,265 [Worker-0] INFO  o.e.m.c.i.embedder.EclipseLogger - skip non existing resourceDirectory C:\cmpe273-Dropbox-Igniters\dropbox\src\test\resources
2013-11-21 13:29:33,057 [Worker-1] INFO  o.e.m.c.i.embedder.EclipseLogger - Using 'UTF-8' encoding to copy filtered resources.
2013-11-21 13:29:33,057 [Worker-1] INFO  o.e.m.c.i.embedder.EclipseLogger - Copying 0 resource
2013-11-21 13:29:33,059 [Worker-1] INFO  o.e.m.c.i.embedder.EclipseLogger - Using 'UTF-8' encoding to copy filtered resources.
2013-11-21 13:29:33,059 [Worker-1] INFO  o.e.m.c.i.embedder.EclipseLogger - skip non existing resourceDirectory C:\cmpe273-Dropbox-Igniters\dropbox\src\test\resources
2013-11-21 13:29:40,166 [Worker-0] INFO  o.e.m.c.i.embedder.EclipseLogger - Using 'UTF-8' encoding to copy filtered resources.
2013-11-21 13:29:40,167 [Worker-0] INFO  o.e.m.c.i.embedder.EclipseLogger - Copying 0 resource
2013-11-21 13:29:40,169 [Worker-0] INFO  o.e.m.c.i.embedder.EclipseLogger - Using 'UTF-8' encoding to copy filtered resources.
2013-11-21 13:29:40,170 [Worker-0] INFO  o.e.m.c.i.embedder.EclipseLogger - skip non existing resourceDirectory C:\cmpe273-Dropbox-Igniters\dropbox\src\test\resources
